# JRE version: OpenJDK Runtime Environment Temurin-21.0.9+10 (21.0.9+10) (build 21.0.9+10-LTS)
# Java VM: OpenJDK 64-Bit Server VM Temurin-21.0.9+10 (21.0.9+10-LTS, mixed mode, sharing, tiered, compressed oops, compressed class ptrs, parallel gc, windows-amd64)
GC Precious Log:
 CardTable entry size: 512
 CPUs: 4 total, 4 available
 Memory: 16259M
 Large Page Support: Disabled
 NUMA Support: Disabled
 Compressed Oops: Enabled (32-bit)
 Alignments: Space 512K, Generation 512K, Heap 2M
 Heap Min Capacity: 100M
 Heap Initial Capacity: 100M
 Heap Max Capacity: 2G
 Pre-touch: Disabled
 Parallel Workers: 4
Heap:
 PSYoungGen      total 9728K, used 5469K [0x00000000d5580000, 0x00000000d6100000, 0x0000000100000000)
  eden space 9216K, 54% used [0x00000000d5580000,0x00000000d5a725d8,0x00000000d5e80000)
  from space 512K, 79% used [0x00000000d6080000,0x00000000d60e5200,0x00000000d6100000)
  to   space 512K, 0% used [0x00000000d5e80000,0x00000000d5e80000,0x00000000d5f00000)
 ParOldGen       total 86016K, used 85909K [0x0000000080000000, 0x0000000085400000, 0x00000000d5580000)
  object space 86016K, 99% used [0x0000000080000000,0x00000000853e5700,0x0000000085400000)
 Metaspace       used 69967K, committed 71488K, reserved 1114112K
  class space    used 7324K, committed 7936K, reserved 1048576K
GC Heap History (20 events):
Event: 44.588 GC heap before
{Heap before GC invocations=92 (full 3):
 PSYoungGen      total 10240K, used 10234K [0x00000000d5580000, 0x00000000d6200000, 0x0000000100000000)
  eden space 9728K, 100% used [0x00000000d5580000,0x00000000d5f00000,0x00000000d5f00000)
  from space 512K, 98% used [0x00000000d6180000,0x00000000d61fe900,0x00000000d6200000)
  to   space 1024K, 0% used [0x00000000d6000000,0x00000000d6000000,0x00000000d6100000)
 ParOldGen       total 80384K, used 80097K [0x0000000080000000, 0x0000000084e80000, 0x00000000d5580000)
  object space 80384K, 99% used [0x0000000080000000,0x0000000084e384d0,0x0000000084e80000)
 Metaspace       used 69818K, committed 71360K, reserved 1114112K
  class space    used 7314K, committed 7936K, reserved 1048576K
}
Event: 44.591 GC heap after
{Heap after GC invocations=92 (full 3):
 PSYoungGen      total 10752K, used 852K [0x00000000d5580000, 0x00000000d6200000, 0x0000000100000000)
  eden space 9728K, 0% used [0x00000000d5580000,0x00000000d5580000,0x00000000d5f00000)
  from space 1024K, 83% used [0x00000000d6000000,0x00000000d60d5200,0x00000000d6100000)
  to   space 1024K, 0% used [0x00000000d6100000,0x00000000d6100000,0x00000000d6200000)
 ParOldGen       total 80896K, used 80573K [0x0000000080000000, 0x0000000084f00000, 0x00000000d5580000)
  object space 80896K, 99% used [0x0000000080000000,0x0000000084eaf6d0,0x0000000084f00000)
 Metaspace       used 69818K, committed 71360K, reserved 1114112K
  class space    used 7314K, committed 7936K, reserved 1048576K
}
Event: 45.011 GC heap before
{Heap before GC invocations=93 (full 3):
 PSYoungGen      total 10752K, used 10580K [0x00000000d5580000, 0x00000000d6200000, 0x0000000100000000)
  eden space 9728K, 100% used [0x00000000d5580000,0x00000000d5f00000,0x00000000d5f00000)
  from space 1024K, 83% used [0x00000000d6000000,0x00000000d60d5200,0x00000000d6100000)
  to   space 1024K, 0% used [0x00000000d6100000,0x00000000d6100000,0x00000000d6200000)
 ParOldGen       total 80896K, used 80573K [0x0000000080000000, 0x0000000084f00000, 0x00000000d5580000)
  object space 80896K, 99% used [0x0000000080000000,0x0000000084eaf6d0,0x0000000084f00000)
 Metaspace       used 69895K, committed 71424K, reserved 1114112K
  class space    used 7322K, committed 7936K, reserved 1048576K
}
Event: 45.013 GC heap after
{Heap after GC invocations=93 (full 3):
 PSYoungGen      total 10240K, used 276K [0x00000000d5580000, 0x00000000d6180000, 0x0000000100000000)
  eden space 9728K, 0% used [0x00000000d5580000,0x00000000d5580000,0x00000000d5f00000)
  from space 512K, 54% used [0x00000000d6100000,0x00000000d6145200,0x00000000d6180000)
  to   space 512K, 0% used [0x00000000d6080000,0x00000000d6080000,0x00000000d6100000)
 ParOldGen       total 80896K, used 80837K [0x0000000080000000, 0x0000000084f00000, 0x00000000d5580000)
  object space 80896K, 99% used [0x0000000080000000,0x0000000084ef16d0,0x0000000084f00000)
 Metaspace       used 69895K, committed 71424K, reserved 1114112K
  class space    used 7322K, committed 7936K, reserved 1048576K
}
Event: 45.091 GC heap before
{Heap before GC invocations=94 (full 3):
 PSYoungGen      total 10240K, used 10004K [0x00000000d5580000, 0x00000000d6180000, 0x0000000100000000)
  eden space 9728K, 100% used [0x00000000d5580000,0x00000000d5f00000,0x00000000d5f00000)
  from space 512K, 54% used [0x00000000d6100000,0x00000000d6145200,0x00000000d6180000)
  to   space 512K, 0% used [0x00000000d6080000,0x00000000d6080000,0x00000000d6100000)
 ParOldGen       total 80896K, used 80837K [0x0000000080000000, 0x0000000084f00000, 0x00000000d5580000)
  object space 80896K, 99% used [0x0000000080000000,0x0000000084ef16d0,0x0000000084f00000)
 Metaspace       used 69901K, committed 71424K, reserved 1114112K
  class space    used 7322K, committed 7936K, reserved 1048576K
}
Event: 45.093 GC heap after
{Heap after GC invocations=94 (full 3):
 PSYoungGen      total 10240K, used 340K [0x00000000d5580000, 0x00000000d6180000, 0x0000000100000000)
  eden space 9728K, 0% used [0x00000000d5580000,0x00000000d5580000,0x00000000d5f00000)
  from space 512K, 66% used [0x00000000d6080000,0x00000000d60d5200,0x00000000d6100000)
  to   space 512K, 0% used [0x00000000d6100000,0x00000000d6100000,0x00000000d6180000)
 ParOldGen       total 81408K, used 80973K [0x0000000080000000, 0x0000000084f80000, 0x00000000d5580000)
  object space 81408K, 99% used [0x0000000080000000,0x0000000084f136d0,0x0000000084f80000)
 Metaspace       used 69901K, committed 71424K, reserved 1114112K
  class space    used 7322K, committed 7936K, reserved 1048576K
}
Event: 45.191 GC heap before
{Heap before GC invocations=95 (full 3):
 PSYoungGen      total 10240K, used 10068K [0x00000000d5580000, 0x00000000d6180000, 0x0000000100000000)
  eden space 9728K, 100% used [0x00000000d5580000,0x00000000d5f00000,0x00000000d5f00000)
  from space 512K, 66% used [0x00000000d6080000,0x00000000d60d5200,0x00000000d6100000)
  to   space 512K, 0% used [0x00000000d6100000,0x00000000d6100000,0x00000000d6180000)
 ParOldGen       total 81408K, used 80973K [0x0000000080000000, 0x0000000084f80000, 0x00000000d5580000)
  object space 81408K, 99% used [0x0000000080000000,0x0000000084f136d0,0x0000000084f80000)
 Metaspace       used 69906K, committed 71424K, reserved 1114112K
  class space    used 7322K, committed 7936K, reserved 1048576K
}
Event: 45.192 GC heap after
{Heap after GC invocations=95 (full 3):
 PSYoungGen      total 10240K, used 244K [0x00000000d5580000, 0x00000000d6180000, 0x0000000100000000)
  eden space 9728K, 0% used [0x00000000d5580000,0x00000000d5580000,0x00000000d5f00000)
  from space 512K, 47% used [0x00000000d6100000,0x00000000d613d200,0x00000000d6180000)
  to   space 512K, 0% used [0x00000000d6080000,0x00000000d6080000,0x00000000d6100000)
 ParOldGen       total 81408K, used 80997K [0x0000000080000000, 0x0000000084f80000, 0x00000000d5580000)
  object space 81408K, 99% used [0x0000000080000000,0x0000000084f196d0,0x0000000084f80000)
 Metaspace       used 69906K, committed 71424K, reserved 1114112K
  class space    used 7322K, committed 7936K, reserved 1048576K
}
Event: 45.362 GC heap before
{Heap before GC invocations=96 (full 3):
 PSYoungGen      total 10240K, used 8526K [0x00000000d5580000, 0x00000000d6180000, 0x0000000100000000)
  eden space 9728K, 85% used [0x00000000d5580000,0x00000000d5d96818,0x00000000d5f00000)
  from space 512K, 47% used [0x00000000d6100000,0x00000000d613d200,0x00000000d6180000)
  to   space 512K, 0% used [0x00000000d6080000,0x00000000d6080000,0x00000000d6100000)
 ParOldGen       total 81408K, used 80997K [0x0000000080000000, 0x0000000084f80000, 0x00000000d5580000)
  object space 81408K, 99% used [0x0000000080000000,0x0000000084f196d0,0x0000000084f80000)
 Metaspace       used 69911K, committed 71424K, reserved 1114112K
  class space    used 7322K, committed 7936K, reserved 1048576K
}
Event: 45.363 GC heap after
{Heap after GC invocations=96 (full 3):
 PSYoungGen      total 10240K, used 154K [0x00000000d5580000, 0x00000000d6180000, 0x0000000100000000)
  eden space 9728K, 0% used [0x00000000d5580000,0x00000000d5580000,0x00000000d5f00000)
  from space 512K, 30% used [0x00000000d6080000,0x00000000d60a6900,0x00000000d6100000)
  to   space 512K, 0% used [0x00000000d6100000,0x00000000d6100000,0x00000000d6180000)
 ParOldGen       total 81408K, used 81021K [0x0000000080000000, 0x0000000084f80000, 0x00000000d5580000)
  object space 81408K, 99% used [0x0000000080000000,0x0000000084f1f6d0,0x0000000084f80000)
 Metaspace       used 69911K, committed 71424K, reserved 1114112K
  class space    used 7322K, committed 7936K, reserved 1048576K
}
Event: 45.422 GC heap before
{Heap before GC invocations=97 (full 3):
 PSYoungGen      total 10240K, used 9023K [0x00000000d5580000, 0x00000000d6180000, 0x0000000100000000)
  eden space 9728K, 91% used [0x00000000d5580000,0x00000000d5e29378,0x00000000d5f00000)
  from space 512K, 30% used [0x00000000d6080000,0x00000000d60a6900,0x00000000d6100000)
  to   space 512K, 0% used [0x00000000d6100000,0x00000000d6100000,0x00000000d6180000)
 ParOldGen       total 81408K, used 81021K [0x0000000080000000, 0x0000000084f80000, 0x00000000d5580000)
  object space 81408K, 99% used [0x0000000080000000,0x0000000084f1f6d0,0x0000000084f80000)
 Metaspace       used 69913K, committed 71424K, reserved 1114112K
  class space    used 7322K, committed 7936K, reserved 1048576K
}
Event: 45.423 GC heap after
{Heap after GC invocations=97 (full 3):
 PSYoungGen      total 10240K, used 160K [0x00000000d5580000, 0x00000000d6180000, 0x0000000100000000)
  eden space 9728K, 0% used [0x00000000d5580000,0x00000000d5580000,0x00000000d5f00000)
  from space 512K, 31% used [0x00000000d6100000,0x00000000d6128000,0x00000000d6180000)
  to   space 512K, 0% used [0x00000000d6080000,0x00000000d6080000,0x00000000d6100000)
 ParOldGen       total 81408K, used 81053K [0x0000000080000000, 0x0000000084f80000, 0x00000000d5580000)
  object space 81408K, 99% used [0x0000000080000000,0x0000000084f276d0,0x0000000084f80000)
 Metaspace       used 69913K, committed 71424K, reserved 1114112K
  class space    used 7322K, committed 7936K, reserved 1048576K
}
Event: 45.479 GC heap before
{Heap before GC invocations=98 (full 3):
 PSYoungGen      total 10240K, used 9835K [0x00000000d5580000, 0x00000000d6180000, 0x0000000100000000)
  eden space 9728K, 99% used [0x00000000d5580000,0x00000000d5ef2ff0,0x00000000d5f00000)
  from space 512K, 31% used [0x00000000d6100000,0x00000000d6128000,0x00000000d6180000)
  to   space 512K, 0% used [0x00000000d6080000,0x00000000d6080000,0x00000000d6100000)
 ParOldGen       total 81408K, used 81053K [0x0000000080000000, 0x0000000084f80000, 0x00000000d5580000)
  object space 81408K, 99% used [0x0000000080000000,0x0000000084f276d0,0x0000000084f80000)
 Metaspace       used 69916K, committed 71424K, reserved 1114112K
  class space    used 7322K, committed 7936K, reserved 1048576K
}
Event: 45.482 GC heap after
{Heap after GC invocations=98 (full 3):
 PSYoungGen      total 10240K, used 186K [0x00000000d5580000, 0x00000000d6180000, 0x0000000100000000)
  eden space 9728K, 0% used [0x00000000d5580000,0x00000000d5580000,0x00000000d5f00000)
  from space 512K, 36% used [0x00000000d6080000,0x00000000d60ae900,0x00000000d6100000)
  to   space 512K, 0% used [0x00000000d6100000,0x00000000d6100000,0x00000000d6180000)
 ParOldGen       total 84480K, used 84123K [0x0000000080000000, 0x0000000085280000, 0x00000000d5580000)
  object space 84480K, 99% used [0x0000000080000000,0x0000000085226ce0,0x0000000085280000)
 Metaspace       used 69916K, committed 71424K, reserved 1114112K
  class space    used 7322K, committed 7936K, reserved 1048576K
}
Event: 45.608 GC heap before
{Heap before GC invocations=99 (full 3):
 PSYoungGen      total 10240K, used 9896K [0x00000000d5580000, 0x00000000d6180000, 0x0000000100000000)
  eden space 9728K, 99% used [0x00000000d5580000,0x00000000d5efb8d0,0x00000000d5f00000)
  from space 512K, 36% used [0x00000000d6080000,0x00000000d60ae900,0x00000000d6100000)
  to   space 512K, 0% used [0x00000000d6100000,0x00000000d6100000,0x00000000d6180000)
 ParOldGen       total 84480K, used 84123K [0x0000000080000000, 0x0000000085280000, 0x00000000d5580000)
  object space 84480K, 99% used [0x0000000080000000,0x0000000085226ce0,0x0000000085280000)
 Metaspace       used 69941K, committed 71488K, reserved 1114112K
  class space    used 7322K, committed 7936K, reserved 1048576K
}
Event: 45.611 GC heap after
{Heap after GC invocations=99 (full 3):
 PSYoungGen      total 9728K, used 501K [0x00000000d5580000, 0x00000000d6400000, 0x0000000100000000)
  eden space 9216K, 0% used [0x00000000d5580000,0x00000000d5580000,0x00000000d5e80000)
  from space 512K, 97% used [0x00000000d6100000,0x00000000d617d4a0,0x00000000d6180000)
  to   space 2560K, 0% used [0x00000000d5e80000,0x00000000d5e80000,0x00000000d6100000)
 ParOldGen       total 86016K, used 85681K [0x0000000080000000, 0x0000000085400000, 0x00000000d5580000)
  object space 86016K, 99% used [0x0000000080000000,0x00000000853ac7e8,0x0000000085400000)
 Metaspace       used 69941K, committed 71488K, reserved 1114112K
  class space    used 7322K, committed 7936K, reserved 1048576K
}
Event: 45.670 GC heap before
{Heap before GC invocations=100 (full 3):
 PSYoungGen      total 9728K, used 9717K [0x00000000d5580000, 0x00000000d6400000, 0x0000000100000000)
  eden space 9216K, 100% used [0x00000000d5580000,0x00000000d5e80000,0x00000000d5e80000)
  from space 512K, 97% used [0x00000000d6100000,0x00000000d617d4a0,0x00000000d6180000)
  to   space 2560K, 0% used [0x00000000d5e80000,0x00000000d5e80000,0x00000000d6100000)
 ParOldGen       total 86016K, used 85681K [0x0000000080000000, 0x0000000085400000, 0x00000000d5580000)
  object space 86016K, 99% used [0x0000000080000000,0x00000000853ac7e8,0x0000000085400000)
 Metaspace       used 69953K, committed 71488K, reserved 1114112K
  class space    used 7323K, committed 7936K, reserved 1048576K
}
Event: 45.672 GC heap after
{Heap after GC invocations=100 (full 3):
 PSYoungGen      total 9728K, used 308K [0x00000000d5580000, 0x00000000d6180000, 0x0000000100000000)
  eden space 9216K, 0% used [0x00000000d5580000,0x00000000d5580000,0x00000000d5e80000)
  from space 512K, 60% used [0x00000000d5e80000,0x00000000d5ecd200,0x00000000d5f00000)
  to   space 1024K, 0% used [0x00000000d6080000,0x00000000d6080000,0x00000000d6180000)
 ParOldGen       total 86016K, used 85793K [0x0000000080000000, 0x0000000085400000, 0x00000000d5580000)
  object space 86016K, 99% used [0x0000000080000000,0x00000000853c8408,0x0000000085400000)
 Metaspace       used 69953K, committed 71488K, reserved 1114112K
  class space    used 7323K, committed 7936K, reserved 1048576K
}
Event: 45.768 GC heap before
{Heap before GC invocations=101 (full 3):
 PSYoungGen      total 9728K, used 9524K [0x00000000d5580000, 0x00000000d6180000, 0x0000000100000000)
  eden space 9216K, 100% used [0x00000000d5580000,0x00000000d5e80000,0x00000000d5e80000)
  from space 512K, 60% used [0x00000000d5e80000,0x00000000d5ecd200,0x00000000d5f00000)
  to   space 1024K, 0% used [0x00000000d6080000,0x00000000d6080000,0x00000000d6180000)
 ParOldGen       total 86016K, used 85793K [0x0000000080000000, 0x0000000085400000, 0x00000000d5580000)
  object space 86016K, 99% used [0x0000000080000000,0x00000000853c8408,0x0000000085400000)
 Metaspace       used 69966K, committed 71488K, reserved 1114112K
  class space    used 7324K, committed 7936K, reserved 1048576K
}
Event: 45.770 GC heap after
{Heap after GC invocations=101 (full 3):
 PSYoungGen      total 9728K, used 404K [0x00000000d5580000, 0x00000000d6100000, 0x0000000100000000)
  eden space 9216K, 0% used [0x00000000d5580000,0x00000000d5580000,0x00000000d5e80000)
  from space 512K, 79% used [0x00000000d6080000,0x00000000d60e5200,0x00000000d6100000)
  to   space 512K, 0% used [0x00000000d5e80000,0x00000000d5e80000,0x00000000d5f00000)
 ParOldGen       total 86016K, used 85909K [0x0000000080000000, 0x0000000085400000, 0x00000000d5580000)
  object space 86016K, 99% used [0x0000000080000000,0x00000000853e5700,0x0000000085400000)
 Metaspace       used 69966K, committed 71488K, reserved 1114112K
  class space    used 7324K, committed 7936K, reserved 1048576K
}

