# JRE version: OpenJDK Runtime Environment Temurin-21.0.9+10 (21.0.9+10) (build 21.0.9+10-LTS)
# Java VM: OpenJDK 64-Bit Server VM Temurin-21.0.9+10 (21.0.9+10-LTS, mixed mode, sharing, tiered, compressed oops, compressed class ptrs, parallel gc, windows-amd64)
GC Precious Log:
 CardTable entry size: 512
 CPUs: 4 total, 4 available
 Memory: 16259M
 Large Page Support: Disabled
 NUMA Support: Disabled
 Compressed Oops: Enabled (32-bit)
 Alignments: Space 512K, Generation 512K, Heap 2M
 Heap Min Capacity: 100M
 Heap Initial Capacity: 100M
 Heap Max Capacity: 2G
 Pre-touch: Disabled
 Parallel Workers: 4
Heap:
 PSYoungGen      total 3584K, used 2301K [0x00000000d5580000, 0x00000000d5b00000, 0x0000000100000000)
  eden space 3072K, 59% used [0x00000000d5580000,0x00000000d574a358,0x00000000d5880000)
  from space 512K, 91% used [0x00000000d5980000,0x00000000d59f5220,0x00000000d5a00000)
  to   space 1024K, 0% used [0x00000000d5880000,0x00000000d5880000,0x00000000d5980000)
 ParOldGen       total 1123840K, used 1123577K [0x0000000080000000, 0x00000000c4980000, 0x00000000d5580000)
  object space 1123840K, 99% used [0x0000000080000000,0x00000000c493e5a0,0x00000000c4980000)
 Metaspace       used 102724K, committed 104576K, reserved 1179648K
  class space    used 10077K, committed 10944K, reserved 1048576K
GC Heap History (20 events):
Event: 7804.993 GC heap before
{Heap before GC invocations=9927 (full 20):
 PSYoungGen      total 3584K, used 3584K [0x00000000d5580000, 0x00000000d6080000, 0x0000000100000000)
  eden space 1536K, 100% used [0x00000000d5580000,0x00000000d5700000,0x00000000d5700000)
  from space 2048K, 100% used [0x00000000d5b00000,0x00000000d5d00000,0x00000000d5d00000)
  to   space 4096K, 0% used [0x00000000d5700000,0x00000000d5700000,0x00000000d5b00000)
 ParOldGen       total 1115648K, used 1115428K [0x0000000080000000, 0x00000000c4180000, 0x00000000d5580000)
  object space 1115648K, 99% used [0x0000000080000000,0x00000000c4149150,0x00000000c4180000)
 Metaspace       used 102718K, committed 104576K, reserved 1179648K
  class space    used 10077K, committed 10944K, reserved 1048576K
}
Event: 7804.999 GC heap after
{Heap after GC invocations=9927 (full 20):
 PSYoungGen      total 3072K, used 1056K [0x00000000d5580000, 0x00000000d5b80000, 0x0000000100000000)
  eden space 1536K, 0% used [0x00000000d5580000,0x00000000d5580000,0x00000000d5700000)
  from space 1536K, 68% used [0x00000000d5700000,0x00000000d5808000,0x00000000d5880000)
  to   space 2048K, 0% used [0x00000000d5980000,0x00000000d5980000,0x00000000d5b80000)
 ParOldGen       total 1117696K, used 1117404K [0x0000000080000000, 0x00000000c4380000, 0x00000000d5580000)
  object space 1117696K, 99% used [0x0000000080000000,0x00000000c4337150,0x00000000c4380000)
 Metaspace       used 102718K, committed 104576K, reserved 1179648K
  class space    used 10077K, committed 10944K, reserved 1048576K
}
Event: 7805.006 GC heap before
{Heap before GC invocations=9928 (full 20):
 PSYoungGen      total 3072K, used 2592K [0x00000000d5580000, 0x00000000d5b80000, 0x0000000100000000)
  eden space 1536K, 100% used [0x00000000d5580000,0x00000000d5700000,0x00000000d5700000)
  from space 1536K, 68% used [0x00000000d5700000,0x00000000d5808000,0x00000000d5880000)
  to   space 2048K, 0% used [0x00000000d5980000,0x00000000d5980000,0x00000000d5b80000)
 ParOldGen       total 1117696K, used 1117404K [0x0000000080000000, 0x00000000c4380000, 0x00000000d5580000)
  object space 1117696K, 99% used [0x0000000080000000,0x00000000c4337150,0x00000000c4380000)
 Metaspace       used 102718K, committed 104576K, reserved 1179648K
  class space    used 10077K, committed 10944K, reserved 1048576K
}
Event: 7805.013 GC heap after
{Heap after GC invocations=9928 (full 20):
 PSYoungGen      total 4096K, used 1568K [0x00000000d5580000, 0x00000000d5b80000, 0x0000000100000000)
  eden space 2048K, 0% used [0x00000000d5580000,0x00000000d5580000,0x00000000d5780000)
  from space 2048K, 76% used [0x00000000d5980000,0x00000000d5b08000,0x00000000d5b80000)
  to   space 2048K, 0% used [0x00000000d5780000,0x00000000d5780000,0x00000000d5980000)
 ParOldGen       total 1118720K, used 1118452K [0x0000000080000000, 0x00000000c4480000, 0x00000000d5580000)
  object space 1118720K, 99% used [0x0000000080000000,0x00000000c443d150,0x00000000c4480000)
 Metaspace       used 102718K, committed 104576K, reserved 1179648K
  class space    used 10077K, committed 10944K, reserved 1048576K
}
Event: 7805.033 GC heap before
{Heap before GC invocations=9929 (full 20):
 PSYoungGen      total 4096K, used 3616K [0x00000000d5580000, 0x00000000d5b80000, 0x0000000100000000)
  eden space 2048K, 100% used [0x00000000d5580000,0x00000000d5780000,0x00000000d5780000)
  from space 2048K, 76% used [0x00000000d5980000,0x00000000d5b08000,0x00000000d5b80000)
  to   space 2048K, 0% used [0x00000000d5780000,0x00000000d5780000,0x00000000d5980000)
 ParOldGen       total 1118720K, used 1118452K [0x0000000080000000, 0x00000000c4480000, 0x00000000d5580000)
  object space 1118720K, 99% used [0x0000000080000000,0x00000000c443d150,0x00000000c4480000)
 Metaspace       used 102718K, committed 104576K, reserved 1179648K
  class space    used 10077K, committed 10944K, reserved 1048576K
}
Event: 7805.041 GC heap after
{Heap after GC invocations=9929 (full 20):
 PSYoungGen      total 4096K, used 1296K [0x00000000d5580000, 0x00000000d5b00000, 0x0000000100000000)
  eden space 2048K, 0% used [0x00000000d5580000,0x00000000d5580000,0x00000000d5780000)
  from space 2048K, 63% used [0x00000000d5780000,0x00000000d58c4000,0x00000000d5980000)
  to   space 1536K, 0% used [0x00000000d5980000,0x00000000d5980000,0x00000000d5b00000)
 ParOldGen       total 1120256K, used 1119940K [0x0000000080000000, 0x00000000c4600000, 0x00000000d5580000)
  object space 1120256K, 99% used [0x0000000080000000,0x00000000c45b1150,0x00000000c4600000)
 Metaspace       used 102718K, committed 104576K, reserved 1179648K
  class space    used 10077K, committed 10944K, reserved 1048576K
}
Event: 7805.075 GC heap before
{Heap before GC invocations=9930 (full 20):
 PSYoungGen      total 4096K, used 3344K [0x00000000d5580000, 0x00000000d5b00000, 0x0000000100000000)
  eden space 2048K, 100% used [0x00000000d5580000,0x00000000d5780000,0x00000000d5780000)
  from space 2048K, 63% used [0x00000000d5780000,0x00000000d58c4000,0x00000000d5980000)
  to   space 1536K, 0% used [0x00000000d5980000,0x00000000d5980000,0x00000000d5b00000)
 ParOldGen       total 1120256K, used 1119940K [0x0000000080000000, 0x00000000c4600000, 0x00000000d5580000)
  object space 1120256K, 99% used [0x0000000080000000,0x00000000c45b1150,0x00000000c4600000)
 Metaspace       used 102718K, committed 104576K, reserved 1179648K
  class space    used 10077K, committed 10944K, reserved 1048576K
}
Event: 7805.080 GC heap after
{Heap after GC invocations=9930 (full 20):
 PSYoungGen      total 3584K, used 1504K [0x00000000d5580000, 0x00000000d5c00000, 0x0000000100000000)
  eden space 2048K, 0% used [0x00000000d5580000,0x00000000d5580000,0x00000000d5780000)
  from space 1536K, 97% used [0x00000000d5980000,0x00000000d5af8000,0x00000000d5b00000)
  to   space 2048K, 0% used [0x00000000d5780000,0x00000000d5780000,0x00000000d5980000)
 ParOldGen       total 1121280K, used 1120820K [0x0000000080000000, 0x00000000c4700000, 0x00000000d5580000)
  object space 1121280K, 99% used [0x0000000080000000,0x00000000c468d150,0x00000000c4700000)
 Metaspace       used 102718K, committed 104576K, reserved 1179648K
  class space    used 10077K, committed 10944K, reserved 1048576K
}
Event: 7805.609 GC heap before
{Heap before GC invocations=9931 (full 20):
 PSYoungGen      total 3584K, used 3551K [0x00000000d5580000, 0x00000000d5c00000, 0x0000000100000000)
  eden space 2048K, 99% used [0x00000000d5580000,0x00000000d577ffe0,0x00000000d5780000)
  from space 1536K, 97% used [0x00000000d5980000,0x00000000d5af8000,0x00000000d5b00000)
  to   space 2048K, 0% used [0x00000000d5780000,0x00000000d5780000,0x00000000d5980000)
 ParOldGen       total 1121280K, used 1120820K [0x0000000080000000, 0x00000000c4700000, 0x00000000d5580000)
  object space 1121280K, 99% used [0x0000000080000000,0x00000000c468d150,0x00000000c4700000)
 Metaspace       used 102718K, committed 104576K, reserved 1179648K
  class space    used 10077K, committed 10944K, reserved 1048576K
}
Event: 7805.615 GC heap after
{Heap after GC invocations=9931 (full 20):
 PSYoungGen      total 2560K, used 244K [0x00000000d5580000, 0x00000000d5a00000, 0x0000000100000000)
  eden space 2048K, 0% used [0x00000000d5580000,0x00000000d5580000,0x00000000d5780000)
  from space 512K, 47% used [0x00000000d5780000,0x00000000d57bd200,0x00000000d5800000)
  to   space 1024K, 0% used [0x00000000d5900000,0x00000000d5900000,0x00000000d5a00000)
 ParOldGen       total 1122304K, used 1122260K [0x0000000080000000, 0x00000000c4800000, 0x00000000d5580000)
  object space 1122304K, 99% used [0x0000000080000000,0x00000000c47f5150,0x00000000c4800000)
 Metaspace       used 102718K, committed 104576K, reserved 1179648K
  class space    used 10077K, committed 10944K, reserved 1048576K
}
Event: 7805.622 GC heap before
{Heap before GC invocations=9932 (full 20):
 PSYoungGen      total 2560K, used 2292K [0x00000000d5580000, 0x00000000d5a00000, 0x0000000100000000)
  eden space 2048K, 99% used [0x00000000d5580000,0x00000000d577fff8,0x00000000d5780000)
  from space 512K, 47% used [0x00000000d5780000,0x00000000d57bd200,0x00000000d5800000)
  to   space 1024K, 0% used [0x00000000d5900000,0x00000000d5900000,0x00000000d5a00000)
 ParOldGen       total 1122304K, used 1122260K [0x0000000080000000, 0x00000000c4800000, 0x00000000d5580000)
  object space 1122304K, 99% used [0x0000000080000000,0x00000000c47f5150,0x00000000c4800000)
 Metaspace       used 102718K, committed 104576K, reserved 1179648K
  class space    used 10077K, committed 10944K, reserved 1048576K
}
Event: 7805.625 GC heap after
{Heap after GC invocations=9932 (full 20):
 PSYoungGen      total 3072K, used 384K [0x00000000d5580000, 0x00000000d5980000, 0x0000000100000000)
  eden space 2560K, 0% used [0x00000000d5580000,0x00000000d5580000,0x00000000d5800000)
  from space 512K, 75% used [0x00000000d5900000,0x00000000d5960000,0x00000000d5980000)
  to   space 512K, 0% used [0x00000000d5880000,0x00000000d5880000,0x00000000d5900000)
 ParOldGen       total 1122816K, used 1122448K [0x0000000080000000, 0x00000000c4880000, 0x00000000d5580000)
  object space 1122816K, 99% used [0x0000000080000000,0x00000000c4824360,0x00000000c4880000)
 Metaspace       used 102718K, committed 104576K, reserved 1179648K
  class space    used 10077K, committed 10944K, reserved 1048576K
}
Event: 7805.635 GC heap before
{Heap before GC invocations=9933 (full 20):
 PSYoungGen      total 3072K, used 2944K [0x00000000d5580000, 0x00000000d5980000, 0x0000000100000000)
  eden space 2560K, 100% used [0x00000000d5580000,0x00000000d5800000,0x00000000d5800000)
  from space 512K, 75% used [0x00000000d5900000,0x00000000d5960000,0x00000000d5980000)
  to   space 512K, 0% used [0x00000000d5880000,0x00000000d5880000,0x00000000d5900000)
 ParOldGen       total 1122816K, used 1122448K [0x0000000080000000, 0x00000000c4880000, 0x00000000d5580000)
  object space 1122816K, 99% used [0x0000000080000000,0x00000000c4824360,0x00000000c4880000)
 Metaspace       used 102718K, committed 104576K, reserved 1179648K
  class space    used 10077K, committed 10944K, reserved 1048576K
}
Event: 7805.643 GC heap after
{Heap after GC invocations=9933 (full 20):
 PSYoungGen      total 3584K, used 500K [0x00000000d5580000, 0x00000000d5a80000, 0x0000000100000000)
  eden space 3072K, 0% used [0x00000000d5580000,0x00000000d5580000,0x00000000d5880000)
  from space 512K, 97% used [0x00000000d5880000,0x00000000d58fd200,0x00000000d5900000)
  to   space 1024K, 0% used [0x00000000d5980000,0x00000000d5980000,0x00000000d5a80000)
 ParOldGen       total 1123328K, used 1122816K [0x0000000080000000, 0x00000000c4900000, 0x00000000d5580000)
  object space 1123328K, 99% used [0x0000000080000000,0x00000000c4880370,0x00000000c4900000)
 Metaspace       used 102718K, committed 104576K, reserved 1179648K
  class space    used 10077K, committed 10944K, reserved 1048576K
}
Event: 7939.971 GC heap before
{Heap before GC invocations=9934 (full 20):
 PSYoungGen      total 3584K, used 3572K [0x00000000d5580000, 0x00000000d5a80000, 0x0000000100000000)
  eden space 3072K, 100% used [0x00000000d5580000,0x00000000d5880000,0x00000000d5880000)
  from space 512K, 97% used [0x00000000d5880000,0x00000000d58fd200,0x00000000d5900000)
  to   space 1024K, 0% used [0x00000000d5980000,0x00000000d5980000,0x00000000d5a80000)
 ParOldGen       total 1123328K, used 1122816K [0x0000000080000000, 0x00000000c4900000, 0x00000000d5580000)
  object space 1123328K, 99% used [0x0000000080000000,0x00000000c4880370,0x00000000c4900000)
 Metaspace       used 102720K, committed 104576K, reserved 1179648K
  class space    used 10077K, committed 10944K, reserved 1048576K
}
Event: 7939.983 GC heap after
{Heap after GC invocations=9934 (full 20):
 PSYoungGen      total 4608K, used 256K [0x00000000d5580000, 0x00000000d5a80000, 0x0000000100000000)
  eden space 3584K, 0% used [0x00000000d5580000,0x00000000d5580000,0x00000000d5900000)
  from space 1024K, 25% used [0x00000000d5980000,0x00000000d59c0000,0x00000000d5a80000)
  to   space 512K, 0% used [0x00000000d5900000,0x00000000d5900000,0x00000000d5980000)
 ParOldGen       total 1123328K, used 1123305K [0x0000000080000000, 0x00000000c4900000, 0x00000000d5580000)
  object space 1123328K, 99% used [0x0000000080000000,0x00000000c48fa580,0x00000000c4900000)
 Metaspace       used 102720K, committed 104576K, reserved 1179648K
  class space    used 10077K, committed 10944K, reserved 1048576K
}
Event: 38791.166 GC heap before
{Heap before GC invocations=9935 (full 20):
 PSYoungGen      total 4608K, used 3840K [0x00000000d5580000, 0x00000000d5a80000, 0x0000000100000000)
  eden space 3584K, 100% used [0x00000000d5580000,0x00000000d5900000,0x00000000d5900000)
  from space 1024K, 25% used [0x00000000d5980000,0x00000000d59c0000,0x00000000d5a80000)
  to   space 512K, 0% used [0x00000000d5900000,0x00000000d5900000,0x00000000d5980000)
 ParOldGen       total 1123328K, used 1123305K [0x0000000080000000, 0x00000000c4900000, 0x00000000d5580000)
  object space 1123328K, 99% used [0x0000000080000000,0x00000000c48fa580,0x00000000c4900000)
 Metaspace       used 102720K, committed 104576K, reserved 1179648K
  class space    used 10077K, committed 10944K, reserved 1048576K
}
Event: 38791.174 GC heap after
{Heap after GC invocations=9935 (full 20):
 PSYoungGen      total 4096K, used 192K [0x00000000d5580000, 0x00000000d5a00000, 0x0000000100000000)
  eden space 3584K, 0% used [0x00000000d5580000,0x00000000d5580000,0x00000000d5900000)
  from space 512K, 37% used [0x00000000d5900000,0x00000000d5930020,0x00000000d5980000)
  to   space 512K, 0% used [0x00000000d5980000,0x00000000d5980000,0x00000000d5a00000)
 ParOldGen       total 1123840K, used 1123521K [0x0000000080000000, 0x00000000c4980000, 0x00000000d5580000)
  object space 1123840K, 99% used [0x0000000080000000,0x00000000c49305a0,0x00000000c4980000)
 Metaspace       used 102720K, committed 104576K, reserved 1179648K
  class space    used 10077K, committed 10944K, reserved 1048576K
}
Event: 46061.252 GC heap before
{Heap before GC invocations=9936 (full 20):
 PSYoungGen      total 4096K, used 3776K [0x00000000d5580000, 0x00000000d5a00000, 0x0000000100000000)
  eden space 3584K, 100% used [0x00000000d5580000,0x00000000d5900000,0x00000000d5900000)
  from space 512K, 37% used [0x00000000d5900000,0x00000000d5930020,0x00000000d5980000)
  to   space 512K, 0% used [0x00000000d5980000,0x00000000d5980000,0x00000000d5a00000)
 ParOldGen       total 1123840K, used 1123521K [0x0000000080000000, 0x00000000c4980000, 0x00000000d5580000)
  object space 1123840K, 99% used [0x0000000080000000,0x00000000c49305a0,0x00000000c4980000)
 Metaspace       used 102724K, committed 104576K, reserved 1179648K
  class space    used 10077K, committed 10944K, reserved 1048576K
}
Event: 46061.331 GC heap after
{Heap after GC invocations=9936 (full 20):
 PSYoungGen      total 3584K, used 468K [0x00000000d5580000, 0x00000000d5b00000, 0x0000000100000000)
  eden space 3072K, 0% used [0x00000000d5580000,0x00000000d5580000,0x00000000d5880000)
  from space 512K, 91% used [0x00000000d5980000,0x00000000d59f5220,0x00000000d5a00000)
  to   space 1024K, 0% used [0x00000000d5880000,0x00000000d5880000,0x00000000d5980000)
 ParOldGen       total 1123840K, used 1123577K [0x0000000080000000, 0x00000000c4980000, 0x00000000d5580000)
  object space 1123840K, 99% used [0x0000000080000000,0x00000000c493e5a0,0x00000000c4980000)
 Metaspace       used 102724K, committed 104576K, reserved 1179648K
  class space    used 10077K, committed 10944K, reserved 1048576K
}

